Determining if the pthread_create exist failed with the following output:
Change Dir: /home/qbo/Desktop/qbo_ws/src/src/qbo_system_info/build/CMakeFiles/CMakeTmp

Run Build Command:"/usr/bin/make" "cmTC_0b058/fast"
make[1]: Entering directory '/home/qbo/Desktop/qbo_ws/src/src/qbo_system_info/build/CMakeFiles/CMakeTmp'
/usr/bin/make -f CMakeFiles/cmTC_0b058.dir/build.make CMakeFiles/cmTC_0b058.dir/build
make[2]: Entering directory '/home/qbo/Desktop/qbo_ws/src/src/qbo_system_info/build/CMakeFiles/CMakeTmp'
Building C object CMakeFiles/cmTC_0b058.dir/CheckSymbolExists.c.o
/usr/bin/cc     -o CMakeFiles/cmTC_0b058.dir/CheckSymbolExists.c.o   -c /home/qbo/Desktop/qbo_ws/src/src/qbo_system_info/build/CMakeFiles/CMakeTmp/CheckSymbolExists.c
Linking C executable cmTC_0b058
/usr/bin/cmake -E cmake_link_script CMakeFiles/cmTC_0b058.dir/link.txt --verbose=1
/usr/bin/cc       CMakeFiles/cmTC_0b058.dir/CheckSymbolExists.c.o  -o cmTC_0b058 -rdynamic 
CMakeFiles/cmTC_0b058.dir/CheckSymbolExists.c.o: In function `main':
CheckSymbolExists.c:(.text+0x1b): undefined reference to `pthread_create'
collect2: error: ld returned 1 exit status
CMakeFiles/cmTC_0b058.dir/build.make:97: recipe for target 'cmTC_0b058' failed
make[2]: *** [cmTC_0b058] Error 1
make[2]: Leaving directory '/home/qbo/Desktop/qbo_ws/src/src/qbo_system_info/build/CMakeFiles/CMakeTmp'
Makefile:126: recipe for target 'cmTC_0b058/fast' failed
make[1]: *** [cmTC_0b058/fast] Error 2
make[1]: Leaving directory '/home/qbo/Desktop/qbo_ws/src/src/qbo_system_info/build/CMakeFiles/CMakeTmp'

File /home/qbo/Desktop/qbo_ws/src/src/qbo_system_info/build/CMakeFiles/CMakeTmp/CheckSymbolExists.c:
/* */
#include <pthread.h>

int main(int argc, char** argv)
{
  (void)argv;
#ifndef pthread_create
  return ((int*)(&pthread_create))[argc];
#else
  (void)argc;
  return 0;
#endif
}

Determining if the function pthread_create exists in the pthreads failed with the following output:
Change Dir: /home/qbo/Desktop/qbo_ws/src/src/qbo_system_info/build/CMakeFiles/CMakeTmp

Run Build Command:"/usr/bin/make" "cmTC_3ca8d/fast"
make[1]: Entering directory '/home/qbo/Desktop/qbo_ws/src/src/qbo_system_info/build/CMakeFiles/CMakeTmp'
/usr/bin/make -f CMakeFiles/cmTC_3ca8d.dir/build.make CMakeFiles/cmTC_3ca8d.dir/build
make[2]: Entering directory '/home/qbo/Desktop/qbo_ws/src/src/qbo_system_info/build/CMakeFiles/CMakeTmp'
Building C object CMakeFiles/cmTC_3ca8d.dir/CheckFunctionExists.c.o
/usr/bin/cc    -DCHECK_FUNCTION_EXISTS=pthread_create   -o CMakeFiles/cmTC_3ca8d.dir/CheckFunctionExists.c.o   -c /usr/share/cmake-3.7/Modules/CheckFunctionExists.c
Linking C executable cmTC_3ca8d
/usr/bin/cmake -E cmake_link_script CMakeFiles/cmTC_3ca8d.dir/link.txt --verbose=1
/usr/bin/cc   -DCHECK_FUNCTION_EXISTS=pthread_create    CMakeFiles/cmTC_3ca8d.dir/CheckFunctionExists.c.o  -o cmTC_3ca8d -rdynamic -lpthreads 
/usr/bin/ld: cannot find -lpthreads
collect2: error: ld returned 1 exit status
CMakeFiles/cmTC_3ca8d.dir/build.make:97: recipe for target 'cmTC_3ca8d' failed
make[2]: *** [cmTC_3ca8d] Error 1
make[2]: Leaving directory '/home/qbo/Desktop/qbo_ws/src/src/qbo_system_info/build/CMakeFiles/CMakeTmp'
Makefile:126: recipe for target 'cmTC_3ca8d/fast' failed
make[1]: *** [cmTC_3ca8d/fast] Error 2
make[1]: Leaving directory '/home/qbo/Desktop/qbo_ws/src/src/qbo_system_info/build/CMakeFiles/CMakeTmp'


