Determining if the pthread_create exist failed with the following output:
Change Dir: /home/qbo/Desktop/qbo_ws/src/src/qbo_face_vision/qbo_face_msgs/build/CMakeFiles/CMakeTmp

Run Build Command:"/usr/bin/make" "cmTC_70b67/fast"
make[1]: Entering directory '/home/qbo/Desktop/qbo_ws/src/src/qbo_face_vision/qbo_face_msgs/build/CMakeFiles/CMakeTmp'
/usr/bin/make -f CMakeFiles/cmTC_70b67.dir/build.make CMakeFiles/cmTC_70b67.dir/build
make[2]: Entering directory '/home/qbo/Desktop/qbo_ws/src/src/qbo_face_vision/qbo_face_msgs/build/CMakeFiles/CMakeTmp'
Building C object CMakeFiles/cmTC_70b67.dir/CheckSymbolExists.c.o
/usr/bin/cc     -o CMakeFiles/cmTC_70b67.dir/CheckSymbolExists.c.o   -c /home/qbo/Desktop/qbo_ws/src/src/qbo_face_vision/qbo_face_msgs/build/CMakeFiles/CMakeTmp/CheckSymbolExists.c
Linking C executable cmTC_70b67
/usr/bin/cmake -E cmake_link_script CMakeFiles/cmTC_70b67.dir/link.txt --verbose=1
/usr/bin/cc       CMakeFiles/cmTC_70b67.dir/CheckSymbolExists.c.o  -o cmTC_70b67 -rdynamic 
CMakeFiles/cmTC_70b67.dir/CheckSymbolExists.c.o: In function `main':
CheckSymbolExists.c:(.text+0x1b): undefined reference to `pthread_create'
collect2: error: ld returned 1 exit status
CMakeFiles/cmTC_70b67.dir/build.make:97: recipe for target 'cmTC_70b67' failed
make[2]: *** [cmTC_70b67] Error 1
make[2]: Leaving directory '/home/qbo/Desktop/qbo_ws/src/src/qbo_face_vision/qbo_face_msgs/build/CMakeFiles/CMakeTmp'
Makefile:126: recipe for target 'cmTC_70b67/fast' failed
make[1]: *** [cmTC_70b67/fast] Error 2
make[1]: Leaving directory '/home/qbo/Desktop/qbo_ws/src/src/qbo_face_vision/qbo_face_msgs/build/CMakeFiles/CMakeTmp'

File /home/qbo/Desktop/qbo_ws/src/src/qbo_face_vision/qbo_face_msgs/build/CMakeFiles/CMakeTmp/CheckSymbolExists.c:
/* */
#include <pthread.h>

int main(int argc, char** argv)
{
  (void)argv;
#ifndef pthread_create
  return ((int*)(&pthread_create))[argc];
#else
  (void)argc;
  return 0;
#endif
}

Determining if the function pthread_create exists in the pthreads failed with the following output:
Change Dir: /home/qbo/Desktop/qbo_ws/src/src/qbo_face_vision/qbo_face_msgs/build/CMakeFiles/CMakeTmp

Run Build Command:"/usr/bin/make" "cmTC_e5353/fast"
make[1]: Entering directory '/home/qbo/Desktop/qbo_ws/src/src/qbo_face_vision/qbo_face_msgs/build/CMakeFiles/CMakeTmp'
/usr/bin/make -f CMakeFiles/cmTC_e5353.dir/build.make CMakeFiles/cmTC_e5353.dir/build
make[2]: Entering directory '/home/qbo/Desktop/qbo_ws/src/src/qbo_face_vision/qbo_face_msgs/build/CMakeFiles/CMakeTmp'
Building C object CMakeFiles/cmTC_e5353.dir/CheckFunctionExists.c.o
/usr/bin/cc    -DCHECK_FUNCTION_EXISTS=pthread_create   -o CMakeFiles/cmTC_e5353.dir/CheckFunctionExists.c.o   -c /usr/share/cmake-3.7/Modules/CheckFunctionExists.c
Linking C executable cmTC_e5353
/usr/bin/cmake -E cmake_link_script CMakeFiles/cmTC_e5353.dir/link.txt --verbose=1
/usr/bin/cc   -DCHECK_FUNCTION_EXISTS=pthread_create    CMakeFiles/cmTC_e5353.dir/CheckFunctionExists.c.o  -o cmTC_e5353 -rdynamic -lpthreads 
/usr/bin/ld: cannot find -lpthreads
collect2: error: ld returned 1 exit status
CMakeFiles/cmTC_e5353.dir/build.make:97: recipe for target 'cmTC_e5353' failed
make[2]: *** [cmTC_e5353] Error 1
make[2]: Leaving directory '/home/qbo/Desktop/qbo_ws/src/src/qbo_face_vision/qbo_face_msgs/build/CMakeFiles/CMakeTmp'
Makefile:126: recipe for target 'cmTC_e5353/fast' failed
make[1]: *** [cmTC_e5353/fast] Error 2
make[1]: Leaving directory '/home/qbo/Desktop/qbo_ws/src/src/qbo_face_vision/qbo_face_msgs/build/CMakeFiles/CMakeTmp'


