Determining if the pthread_create exist failed with the following output:
Change Dir: /home/qbo/Desktop/melodia/build/CMakeFiles/CMakeTmp

Run Build Command:"/usr/bin/make" "cmTC_43039/fast"
/usr/bin/make -f CMakeFiles/cmTC_43039.dir/build.make CMakeFiles/cmTC_43039.dir/build
make[1]: Entering directory '/home/qbo/Desktop/melodia/build/CMakeFiles/CMakeTmp'
Building C object CMakeFiles/cmTC_43039.dir/CheckSymbolExists.c.o
/usr/bin/cc     -o CMakeFiles/cmTC_43039.dir/CheckSymbolExists.c.o   -c /home/qbo/Desktop/melodia/build/CMakeFiles/CMakeTmp/CheckSymbolExists.c
Linking C executable cmTC_43039
/usr/bin/cmake -E cmake_link_script CMakeFiles/cmTC_43039.dir/link.txt --verbose=1
/usr/bin/cc       CMakeFiles/cmTC_43039.dir/CheckSymbolExists.c.o  -o cmTC_43039 -rdynamic 
CMakeFiles/cmTC_43039.dir/CheckSymbolExists.c.o: In function `main':
CheckSymbolExists.c:(.text+0x1b): undefined reference to `pthread_create'
collect2: error: ld returned 1 exit status
CMakeFiles/cmTC_43039.dir/build.make:97: recipe for target 'cmTC_43039' failed
make[1]: *** [cmTC_43039] Error 1
make[1]: Leaving directory '/home/qbo/Desktop/melodia/build/CMakeFiles/CMakeTmp'
Makefile:126: recipe for target 'cmTC_43039/fast' failed
make: *** [cmTC_43039/fast] Error 2

File /home/qbo/Desktop/melodia/build/CMakeFiles/CMakeTmp/CheckSymbolExists.c:
/* */
#include <pthread.h>

int main(int argc, char** argv)
{
  (void)argv;
#ifndef pthread_create
  return ((int*)(&pthread_create))[argc];
#else
  (void)argc;
  return 0;
#endif
}

Determining if the function pthread_create exists in the pthreads failed with the following output:
Change Dir: /home/qbo/Desktop/melodia/build/CMakeFiles/CMakeTmp

Run Build Command:"/usr/bin/make" "cmTC_9998f/fast"
/usr/bin/make -f CMakeFiles/cmTC_9998f.dir/build.make CMakeFiles/cmTC_9998f.dir/build
make[1]: Entering directory '/home/qbo/Desktop/melodia/build/CMakeFiles/CMakeTmp'
Building C object CMakeFiles/cmTC_9998f.dir/CheckFunctionExists.c.o
/usr/bin/cc    -DCHECK_FUNCTION_EXISTS=pthread_create   -o CMakeFiles/cmTC_9998f.dir/CheckFunctionExists.c.o   -c /usr/share/cmake-3.7/Modules/CheckFunctionExists.c
Linking C executable cmTC_9998f
/usr/bin/cmake -E cmake_link_script CMakeFiles/cmTC_9998f.dir/link.txt --verbose=1
/usr/bin/cc   -DCHECK_FUNCTION_EXISTS=pthread_create    CMakeFiles/cmTC_9998f.dir/CheckFunctionExists.c.o  -o cmTC_9998f -rdynamic -lpthreads 
/usr/bin/ld: cannot find -lpthreads
collect2: error: ld returned 1 exit status
CMakeFiles/cmTC_9998f.dir/build.make:97: recipe for target 'cmTC_9998f' failed
make[1]: *** [cmTC_9998f] Error 1
make[1]: Leaving directory '/home/qbo/Desktop/melodia/build/CMakeFiles/CMakeTmp'
Makefile:126: recipe for target 'cmTC_9998f/fast' failed
make: *** [cmTC_9998f/fast] Error 2


